<?xml version="1.0" encoding="UTF-8"?>
<beans xmlns="http://www.springframework.org/schema/beans"
	xmlns:xsi="http://www.w3.org/2001/XMLSchema-instance"
	xsi:schemaLocation="http://www.springframework.org/schema/beans 
						http://www.springframework.org/schema/beans/spring-beans-3.0.xsd">
	<bean id="dataSource" class="org.springframework.jdbc.datasource.SimpleDriverDataSource">
		<property name="driverClass" value="com.mysql.jdbc.Driver" />
		<property name="url" value="jdbc:mysql://localhost:3307/springbook?characterEncoding=UTF-8" />
		<property name="username" value="root" />
		<property name="password" value="cmh8207" />
	</bean>


	<bean id="userService" class="springbook.user.service.UserServiceImpl">
		<property name="userDao" ref="userDao"/>
		<property name="mailSender" ref="mailSender"/>
		<qualifier value="userService"/>
	</bean>

	<bean id="testUserService" class="springbook.user.service.UserServiceTest$TestUserServiceImpl" parent="userService">
		<qualifier value="testUserService"/>
	</bean>

	<bean id="transactionAdvice" class="springbook.user.service.TransactionAdvice">
		<property name="transactionManager" ref="transactionManager"/>
	</bean>

	<bean id="transactionPointcut" class="springbook.user.proxy.NameMatchClassMethodPointcut">
		<property name="mappedName" value="upgrade*"/>
		<property name="mappedClassName" value="upgrade*"/>
	</bean>
	<bean id="transactionAdvisor" class="org.springframework.aop.support.DefaultPointcutAdvisor">
		<property name="pointcut" ref="transactionPointcut"/>
		<property name="advice" ref="transactionAdvice"/>
	</bean>

	<bean id="mailSender" class="springbook.user.service.DummyMailSender"/>

	<bean id="transactionManager" class="org.springframework.jdbc.datasource.DataSourceTransactionManager">
		<property name="dataSource" ref="dataSource"/>
	</bean>
	<bean id="userDao" class="springbook.user.dao.UserDaoJdbc">
		<property name="dataSource" ref="dataSource" />
	</bean>
	<bean class="org.springframework.aop.framework.autoproxy.DefaultAdvisorAutoProxyCreator">
	</bean>
</beans>
